0 info it worked if it ends with ok
1 verbose cli [ '/usr/local/bin/node',
1 verbose cli   '/usr/local/bin/npm',
1 verbose cli   'install',
1 verbose cli   '-g',
1 verbose cli   'yo' ]
2 info using npm@1.3.21
3 info using node@v0.10.24
4 verbose cache add [ 'yo', null ]
5 verbose cache add name=undefined spec="yo" args=["yo",null]
6 verbose parsed url { protocol: null,
6 verbose parsed url   slashes: null,
6 verbose parsed url   auth: null,
6 verbose parsed url   host: null,
6 verbose parsed url   port: null,
6 verbose parsed url   hostname: null,
6 verbose parsed url   hash: null,
6 verbose parsed url   search: null,
6 verbose parsed url   query: null,
6 verbose parsed url   pathname: 'yo',
6 verbose parsed url   path: 'yo',
6 verbose parsed url   href: 'yo' }
7 silly lockFile c41975d1-yo yo
8 verbose lock yo /Users/Jackson/.npm/c41975d1-yo.lock
9 silly lockFile c41975d1-yo yo
10 silly lockFile c41975d1-yo yo
11 verbose addNamed [ 'yo', '' ]
12 verbose addNamed [ null, '*' ]
13 silly lockFile d937c28e-yo yo@
14 verbose lock yo@ /Users/Jackson/.npm/d937c28e-yo.lock
15 silly addNameRange { name: 'yo', range: '*', hasData: false }
16 verbose url raw yo
17 verbose url resolving [ 'https://registry.npmjs.org/', './yo' ]
18 verbose url resolved https://registry.npmjs.org/yo
19 info trying registry request attempt 1 at 02:28:53
20 verbose etag "F52J5VXIJ4IJZ5CGKD3X0Q7Q3"
21 http GET https://registry.npmjs.org/yo
22 http 200 https://registry.npmjs.org/yo
23 silly registry.get cb [ 200,
23 silly registry.get   { date: 'Fri, 07 Feb 2014 07:28:54 GMT',
23 silly registry.get     server: 'CouchDB/1.5.0 (Erlang OTP/R16B)',
23 silly registry.get     etag: '"8EDNYCKMHGT0625YBB2U6CN1N"',
23 silly registry.get     'content-type': 'application/json',
23 silly registry.get     'cache-control': 'max-age=1',
23 silly registry.get     'content-length': '67028',
23 silly registry.get     'accept-ranges': 'bytes',
23 silly registry.get     via: '1.1 varnish',
23 silly registry.get     age: '34214',
23 silly registry.get     'x-served-by': 'cache-v42-ASH',
23 silly registry.get     'x-cache': 'HIT',
23 silly registry.get     'x-cache-hits': '1',
23 silly registry.get     'x-timer': 'S1391758133.999030113,VS0,VE26',
23 silly registry.get     vary: 'Accept',
23 silly registry.get     'keep-alive': 'timeout=10, max=50',
23 silly registry.get     connection: 'Keep-Alive' } ]
24 silly addNameRange number 2 { name: 'yo', range: '*', hasData: true }
25 silly addNameRange versions [ 'yo',
25 silly addNameRange   [ '1.0.0-beta.1',
25 silly addNameRange     '1.0.0-beta.2',
25 silly addNameRange     '1.0.0-beta.3',
25 silly addNameRange     '1.0.0-beta.4',
25 silly addNameRange     '1.0.0-beta.5',
25 silly addNameRange     '1.0.0-beta.6',
25 silly addNameRange     '1.0.0-beta.7',
25 silly addNameRange     '1.0.0-rc.1',
25 silly addNameRange     '1.0.0-rc.1.1',
25 silly addNameRange     '1.0.0-rc.1.2',
25 silly addNameRange     '1.0.0-rc.1.3',
25 silly addNameRange     '1.0.0-rc.1.4',
25 silly addNameRange     '1.0.0',
25 silly addNameRange     '1.0.1',
25 silly addNameRange     '1.0.2',
25 silly addNameRange     '1.0.3',
25 silly addNameRange     '1.0.4',
25 silly addNameRange     '1.0.5',
25 silly addNameRange     '1.0.6',
25 silly addNameRange     '1.0.7-pre.1',
25 silly addNameRange     '1.0.7-pre.2',
25 silly addNameRange     '1.0.7-pre.3',
25 silly addNameRange     '1.1.0',
25 silly addNameRange     '1.1.1',
25 silly addNameRange     '1.1.2' ] ]
26 verbose addNamed [ 'yo', '1.1.2' ]
27 verbose addNamed [ '1.1.2', '1.1.2' ]
28 silly lockFile c4df5c1e-yo-1-1-2 yo@1.1.2
29 verbose lock yo@1.1.2 /Users/Jackson/.npm/c4df5c1e-yo-1-1-2.lock
30 silly lockFile c4df5c1e-yo-1-1-2 yo@1.1.2
31 silly lockFile c4df5c1e-yo-1-1-2 yo@1.1.2
32 silly lockFile d937c28e-yo yo@
33 silly lockFile d937c28e-yo yo@
34 silly resolved [ { name: 'yo',
34 silly resolved     version: '1.1.2',
34 silly resolved     description: 'CLI tool for scaffolding out Yeoman projects',
34 silly resolved     license: 'MIT',
34 silly resolved     bin: { yo: 'cli.js' },
34 silly resolved     repository: { type: 'git', url: 'git://github.com/yeoman/yo' },
34 silly resolved     homepage: 'http://yeoman.io',
34 silly resolved     author: { name: 'Chrome Developer Relations' },
34 silly resolved     engines: { node: '>=0.8.0', npm: '>=1.2.10' },
34 silly resolved     scripts:
34 silly resolved      { test: 'grunt',
34 silly resolved        postinstall: 'node ./scripts/doctor',
34 silly resolved        postupdate: 'node ./scripts/doctor' },
34 silly resolved     files: [ 'cli.js', 'yoyo.js', 'yeoman.txt', 'scripts/' ],
34 silly resolved     keywords:
34 silly resolved      [ 'front-end',
34 silly resolved        'development',
34 silly resolved        'dev',
34 silly resolved        'build',
34 silly resolved        'web',
34 silly resolved        'tool',
34 silly resolved        'cli',
34 silly resolved        'scaffold',
34 silly resolved        'stack' ],
34 silly resolved     dependencies:
34 silly resolved      { 'yeoman-generator': '~0.16.0',
34 silly resolved        nopt: '~2.1.1',
34 silly resolved        lodash: '~2.4.1',
34 silly resolved        'update-notifier': '~0.1.3',
34 silly resolved        insight: '~0.3.0',
34 silly resolved        'sudo-block': '~0.3.0',
34 silly resolved        async: '~0.2.9',
34 silly resolved        open: '0.0.4',
34 silly resolved        chalk: '~0.4.0',
34 silly resolved        findup: '~0.1.3',
34 silly resolved        shelljs: '~0.2.6' },
34 silly resolved     peerDependencies: { 'grunt-cli': '~0.1.7', bower: '>=0.9.0' },
34 silly resolved     devDependencies:
34 silly resolved      { grunt: '~0.4.2',
34 silly resolved        mockery: '~1.4.0',
34 silly resolved        'grunt-contrib-jshint': '~0.8.0',
34 silly resolved        'grunt-contrib-watch': '~0.5.3',
34 silly resolved        'grunt-mocha-test': '~0.8.1' },
34 silly resolved     engineStrict: true,
34 silly resolved     preferGlobal: true,
34 silly resolved     readme: '# yo [![Build Status](https://secure.travis-ci.org/yeoman/yo.png?branch=master)](http://travis-ci.org/yeoman/yo)\n\nCLI tool for scaffolding out [Yeoman](https://github.com/yeoman/yeoman) projects.\n\n![](screenshot.png)\n\n\n## [Documentation](https://github.com/yeoman/yeoman/wiki)\n\n\n## Options\n\n- `--no-color` flag to disable colors.\n\n- `--[no-]insight` to toggle anonymous [Insight](https://github.com/yeoman/insight) tracking which helps us improve Yeoman. Using either of these flags on the first run will prevent you from being prompted about it interactively. The flags can also be used to change it later on.\n\n\n## Troubleshooting\n\nRunning `yo doctor` command can help you troubleshoot common issues.\n\nIf `doctor` doesn\'t help, then check opened issues for a similar problem. Open a new issue if your problem haven\'t been reported yet. Make sure to always include the version of `yo` (`yo --version`) and Node.js (`node --version`) you use.\n\nIf your issue only occur using a generator, please report the issues on the generator\'s repository.\n\n## Contribute\n\nSee the [contributing docs](https://github.com/yeoman/yeoman/blob/master/contributing.md).\n\n\n## License\n\n[BSD license](http://opensource.org/licenses/bsd-license.php) and copyright Google.\n',
34 silly resolved     readmeFilename: 'readme.md',
34 silly resolved     bugs: { url: 'https://github.com/yeoman/yo/issues' },
34 silly resolved     _id: 'yo@1.1.2',
34 silly resolved     _from: 'yo@' } ]
35 info install yo@1.1.2 into /usr/local/lib
36 info installOne yo@1.1.2
37 info /usr/local/lib/node_modules/yo unbuild
38 info preuninstall yo@1.1.2
39 info uninstall yo@1.1.2
40 verbose true,/usr/local/lib/node_modules,/usr/local/lib/node_modules unbuild yo@1.1.2
41 verbose /usr/local/bin,[object Object] binRoot
42 info postuninstall yo@1.1.2
43 info /usr/local/lib/node_modules/yo unbuild
44 info preuninstall yo@1.1.2
45 info uninstall yo@1.1.2
46 verbose true,/usr/local/lib/node_modules,/usr/local/lib/node_modules unbuild yo@1.1.2
47 verbose /usr/local/bin,[object Object] binRoot
48 info postuninstall yo@1.1.2
49 error error rolling back Error: EACCES, unlink '/usr/local/lib/node_modules/yo'
49 error error rolling back  yo@1.1.2 { [Error: EACCES, unlink '/usr/local/lib/node_modules/yo']
49 error error rolling back   errno: 3,
49 error error rolling back   code: 'EACCES',
49 error error rolling back   path: '/usr/local/lib/node_modules/yo' }
50 error Error: EACCES, unlink '/usr/local/lib/node_modules/yo'
50 error  { [Error: EACCES, unlink '/usr/local/lib/node_modules/yo']
50 error   errno: 3,
50 error   code: 'EACCES',
50 error   path: '/usr/local/lib/node_modules/yo' }
51 error Please try running this command again as root/Administrator.
52 error System Darwin 13.0.0
53 error command "/usr/local/bin/node" "/usr/local/bin/npm" "install" "-g" "yo"
54 error cwd /Users/Jackson/Sites/jxn.me
55 error node -v v0.10.24
56 error npm -v 1.3.21
57 error path /usr/local/lib/node_modules/yo
58 error code EACCES
59 error errno 3
60 error stack Error: EACCES, unlink '/usr/local/lib/node_modules/yo'
61 verbose exit [ 3, true ]
